<?xml version="1.0" encoding="UTF-8"?>
<coverage generated="1624370508">
  <project timestamp="1624370508">
    <file name="/Users/jason.benedetti/DoclerLabs/api-client-generator/src/Application.php">
      <class name="DoclerLabs\ApiClientGenerator\Application" namespace="global">
        <metrics complexity="1" methods="1" coveredmethods="1" conditionals="0" coveredconditionals="0" statements="5" coveredstatements="5" elements="6" coveredelements="6"/>
      </class>
      <line num="14" type="method" name="__construct" visibility="public" complexity="1" crap="1" count="1"/>
      <line num="16" type="stmt" count="1"/>
      <line num="18" type="stmt" count="1"/>
      <line num="19" type="stmt" count="1"/>
      <line num="21" type="stmt" count="1"/>
      <line num="22" type="stmt" count="1"/>
      <metrics loc="23" ncloc="23" classes="1" methods="1" coveredmethods="1" conditionals="0" coveredconditionals="0" statements="5" coveredstatements="5" elements="6" coveredelements="6"/>
    </file>
    <file name="/Users/jason.benedetti/DoclerLabs/api-client-generator/src/Ast/Builder/ClassBuilder.php">
      <class name="DoclerLabs\ApiClientGenerator\Ast\Builder\ClassBuilder" namespace="global">
        <metrics complexity="3" methods="2" coveredmethods="2" conditionals="0" coveredconditionals="0" statements="4" coveredstatements="4" elements="6" coveredelements="6"/>
      </class>
      <line num="16" type="method" name="addStmt" visibility="public" complexity="2" crap="2" count="1"/>
      <line num="18" type="stmt" count="1"/>
      <line num="19" type="stmt" count="1"/>
      <line num="22" type="stmt" count="1"/>
      <line num="25" type="method" name="getName" visibility="public" complexity="1" crap="1" count="1"/>
      <line num="27" type="stmt" count="1"/>
      <metrics loc="29" ncloc="24" classes="1" methods="2" coveredmethods="2" conditionals="0" coveredconditionals="0" statements="4" coveredstatements="4" elements="6" coveredelements="6"/>
    </file>
    <file name="/Users/jason.benedetti/DoclerLabs/api-client-generator/src/Ast/Builder/CodeBuilder.php">
      <class name="DoclerLabs\ApiClientGenerator\Ast\Builder\CodeBuilder" namespace="global">
        <metrics complexity="64" methods="38" coveredmethods="34" conditionals="0" coveredconditionals="0" statements="109" coveredstatements="92" elements="147" coveredelements="126"/>
      </class>
      <line num="63" type="method" name="__construct" visibility="public" complexity="1" crap="1" count="23"/>
      <line num="65" type="stmt" count="23"/>
      <line num="66" type="stmt" count="23"/>
      <line num="68" type="method" name="method" visibility="public" complexity="1" crap="1" count="2"/>
      <line num="70" type="stmt" count="2"/>
      <line num="73" type="method" name="closure" visibility="public" complexity="5" crap="5" count="1"/>
      <line num="80" type="stmt" count="1"/>
      <line num="81" type="stmt" count="1"/>
      <line num="83" type="stmt" count="1"/>
      <line num="84" type="stmt" count="1"/>
      <line num="86" type="stmt" count="1"/>
      <line num="87" type="stmt" count="1"/>
      <line num="89" type="stmt" count="1"/>
      <line num="90" type="stmt" count="1"/>
      <line num="93" type="stmt" count="1"/>
      <line num="95" type="stmt" count="1"/>
      <line num="98" type="method" name="class" visibility="public" complexity="1" crap="1" count="3"/>
      <line num="100" type="stmt" count="3"/>
      <line num="103" type="method" name="array" visibility="public" complexity="3" crap="3" count="3"/>
      <line num="105" type="stmt" count="3"/>
      <line num="106" type="stmt" count="3"/>
      <line num="107" type="stmt" count="2"/>
      <line num="108" type="stmt" count="1"/>
      <line num="110" type="stmt" count="2"/>
      <line num="114" type="stmt" count="3"/>
      <line num="117" type="method" name="getArrayItem" visibility="public" complexity="1" crap="1" count="3"/>
      <line num="119" type="stmt" count="3"/>
      <line num="122" type="method" name="appendToArray" visibility="public" complexity="1" crap="1" count="2"/>
      <line num="124" type="stmt" count="2"/>
      <line num="127" type="method" name="appendToAssociativeArray" visibility="public" complexity="1" crap="1" count="2"/>
      <line num="129" type="stmt" count="2"/>
      <line num="132" type="method" name="localProperty" visibility="public" complexity="5" crap="5" count="2"/>
      <line num="140" type="stmt" count="2"/>
      <line num="141" type="stmt" count="2"/>
      <line num="143" type="stmt" count="2"/>
      <line num="144" type="stmt" count="1"/>
      <line num="145" type="stmt" count="1"/>
      <line num="146" type="stmt" count="1"/>
      <line num="149" type="stmt" count="1"/>
      <line num="151" type="stmt" count="1"/>
      <line num="152" type="stmt" count="1"/>
      <line num="155" type="stmt" count="2"/>
      <line num="156" type="stmt" count="1"/>
      <line num="159" type="stmt" count="2"/>
      <line num="162" type="method" name="localPropertyFetch" visibility="public" complexity="1" crap="1" count="2"/>
      <line num="164" type="stmt" count="2"/>
      <line num="167" type="method" name="localMethodCall" visibility="public" complexity="1" crap="1" count="2"/>
      <line num="169" type="stmt" count="2"/>
      <line num="172" type="method" name="buildClass" visibility="public" complexity="4" crap="4.43" count="2"/>
      <line num="174" type="stmt" count="2"/>
      <line num="176" type="stmt" count="2"/>
      <line num="177" type="stmt" count="0"/>
      <line num="180" type="stmt" count="2"/>
      <line num="181" type="stmt" count="0"/>
      <line num="182" type="stmt" count="2"/>
      <line num="183" type="stmt" count="0"/>
      <line num="185" type="stmt" count="2"/>
      <line num="188" type="stmt" count="2"/>
      <line num="190" type="stmt" count="2"/>
      <line num="193" type="method" name="return" visibility="public" complexity="1" crap="1" count="2"/>
      <line num="195" type="stmt" count="2"/>
      <line num="198" type="method" name="expr" visibility="public" complexity="1" crap="1" count="4"/>
      <line num="200" type="stmt" count="4"/>
      <line num="203" type="method" name="assign" visibility="public" complexity="1" crap="1" count="6"/>
      <line num="205" type="stmt" count="6"/>
      <line num="208" type="method" name="if" visibility="public" complexity="1" crap="1" count="2"/>
      <line num="210" type="stmt" count="2"/>
      <line num="211" type="stmt" count="2"/>
      <line num="212" type="stmt" count="2"/>
      <line num="213" type="stmt" count="2"/>
      <line num="215" type="stmt" count="2"/>
      <line num="218" type="method" name="elseIf" visibility="public" complexity="1" crap="1" count="1"/>
      <line num="220" type="stmt" count="1"/>
      <line num="223" type="method" name="else" visibility="public" complexity="1" crap="1" count="1"/>
      <line num="225" type="stmt" count="1"/>
      <line num="228" type="method" name="ternary" visibility="public" complexity="1" crap="1" count="2"/>
      <line num="230" type="stmt" count="2"/>
      <line num="233" type="method" name="coalesce" visibility="public" complexity="1" crap="1" count="1"/>
      <line num="235" type="stmt" count="1"/>
      <line num="238" type="method" name="instanceOf" visibility="public" complexity="1" crap="1" count="2"/>
      <line num="240" type="stmt" count="2"/>
      <line num="243" type="method" name="equals" visibility="public" complexity="1" crap="1" count="2"/>
      <line num="245" type="stmt" count="2"/>
      <line num="248" type="method" name="notEquals" visibility="public" complexity="1" crap="1" count="2"/>
      <line num="250" type="stmt" count="2"/>
      <line num="253" type="method" name="and" visibility="public" complexity="1" crap="1" count="1"/>
      <line num="255" type="stmt" count="1"/>
      <line num="258" type="method" name="or" visibility="public" complexity="1" crap="1" count="1"/>
      <line num="260" type="stmt" count="1"/>
      <line num="263" type="method" name="not" visibility="public" complexity="1" crap="1" count="2"/>
      <line num="265" type="stmt" count="2"/>
      <line num="268" type="method" name="throw" visibility="public" complexity="2" crap="2" count="1"/>
      <line num="270" type="stmt" count="1"/>
      <line num="271" type="stmt" count="1"/>
      <line num="272" type="stmt" count="1"/>
      <line num="275" type="stmt" count="1"/>
      <line num="278" type="method" name="foreach" visibility="public" complexity="2" crap="2.06" count="2"/>
      <line num="280" type="stmt" count="2"/>
      <line num="282" type="stmt" count="2"/>
      <line num="283" type="stmt" count="0"/>
      <line num="286" type="stmt" count="2"/>
      <line num="289" type="method" name="argument" visibility="public" complexity="1" crap="1" count="2"/>
      <line num="291" type="stmt" count="2"/>
      <line num="294" type="method" name="constant" visibility="public" complexity="2" crap="6" count="0"/>
      <line num="296" type="stmt" count="0"/>
      <line num="297" type="stmt" count="0"/>
      <line num="300" type="stmt" count="0"/>
      <line num="303" type="method" name="tryCatch" visibility="public" complexity="1" crap="1" count="1"/>
      <line num="305" type="stmt" count="1"/>
      <line num="308" type="method" name="catch" visibility="public" complexity="1" crap="1" count="1"/>
      <line num="310" type="stmt" count="1"/>
      <line num="313" type="method" name="finally" visibility="public" complexity="1" crap="1" count="1"/>
      <line num="315" type="stmt" count="1"/>
      <line num="318" type="method" name="className" visibility="public" complexity="1" crap="1" count="3"/>
      <line num="320" type="stmt" count="3"/>
      <line num="323" type="method" name="compare" visibility="public" complexity="5" crap="30" count="0"/>
      <line num="325" type="stmt" count="0"/>
      <line num="326" type="stmt" count="0"/>
      <line num="327" type="stmt" count="0"/>
      <line num="328" type="stmt" count="0"/>
      <line num="329" type="stmt" count="0"/>
      <line num="330" type="stmt" count="0"/>
      <line num="331" type="stmt" count="0"/>
      <line num="332" type="stmt" count="0"/>
      <line num="333" type="stmt" count="0"/>
      <line num="336" type="stmt" count="0"/>
      <line num="339" type="method" name="operation" visibility="public" complexity="6" crap="6" count="1"/>
      <line num="341" type="stmt" count="1"/>
      <line num="342" type="stmt" count="1"/>
      <line num="343" type="stmt" count="1"/>
      <line num="344" type="stmt" count="1"/>
      <line num="345" type="stmt" count="1"/>
      <line num="346" type="stmt" count="1"/>
      <line num="347" type="stmt" count="1"/>
      <line num="348" type="stmt" count="1"/>
      <line num="349" type="stmt" count="1"/>
      <line num="350" type="stmt" count="1"/>
      <line num="351" type="stmt" count="1"/>
      <line num="354" type="stmt" count="1"/>
      <line num="357" type="method" name="param" visibility="public" complexity="1" crap="1" count="1"/>
      <line num="359" type="stmt" count="1"/>
      <line num="362" type="method" name="getStmts" visibility="private" complexity="2" crap="2" count="2"/>
      <line num="364" type="stmt" count="2"/>
      <line num="365" type="stmt" count="2"/>
      <line num="366" type="stmt" count="2"/>
      <line num="368" type="stmt" count="2"/>
      <line num="370" type="stmt" count="2"/>
      <metrics loc="372" ncloc="372" classes="1" methods="38" coveredmethods="34" conditionals="0" coveredconditionals="0" statements="109" coveredstatements="92" elements="147" coveredelements="126"/>
    </file>
    <file name="/Users/jason.benedetti/DoclerLabs/api-client-generator/src/Ast/Builder/MethodBuilder.php">
      <class name="DoclerLabs\ApiClientGenerator\Ast\Builder\MethodBuilder" namespace="global">
        <metrics complexity="21" methods="4" coveredmethods="1" conditionals="0" coveredconditionals="0" statements="32" coveredstatements="26" elements="36" coveredelements="27"/>
      </class>
      <line num="19" type="method" name="__construct" visibility="public" complexity="1" crap="1" count="1"/>
      <line num="21" type="stmt" count="1"/>
      <line num="22" type="stmt" count="1"/>
      <line num="23" type="stmt" count="1"/>
      <line num="25" type="method" name="composeDocBlock" visibility="public" complexity="11" crap="11.29" count="1"/>
      <line num="31" type="stmt" count="1"/>
      <line num="32" type="stmt" count="0"/>
      <line num="35" type="stmt" count="1"/>
      <line num="36" type="stmt" count="1"/>
      <line num="37" type="stmt" count="0"/>
      <line num="39" type="stmt" count="1"/>
      <line num="40" type="stmt" count="1"/>
      <line num="41" type="stmt" count="1"/>
      <line num="43" type="stmt" count="1"/>
      <line num="44" type="stmt" count="1"/>
      <line num="46" type="stmt" count="1"/>
      <line num="47" type="stmt" count="1"/>
      <line num="49" type="stmt" count="1"/>
      <line num="51" type="stmt" count="1"/>
      <line num="53" type="stmt" count="1"/>
      <line num="62" type="method" name="setReturnType" visibility="public" complexity="7" crap="7.99" count="1"/>
      <line num="64" type="stmt" count="1"/>
      <line num="65" type="stmt" count="0"/>
      <line num="68" type="stmt" count="1"/>
      <line num="69" type="stmt" count="1"/>
      <line num="70" type="stmt" count="1"/>
      <line num="73" type="stmt" count="0"/>
      <line num="76" type="stmt" count="1"/>
      <line num="77" type="stmt" count="1"/>
      <line num="78" type="stmt" count="1"/>
      <line num="81" type="stmt" count="0"/>
      <line num="84" type="stmt" count="1"/>
      <line num="92" type="method" name="addStmt" visibility="public" complexity="2" crap="2.15" count="1"/>
      <line num="94" type="stmt" count="1"/>
      <line num="95" type="stmt" count="0"/>
      <line num="98" type="stmt" count="1"/>
      <metrics loc="100" ncloc="89" classes="1" methods="4" coveredmethods="1" conditionals="0" coveredconditionals="0" statements="32" coveredstatements="26" elements="36" coveredelements="27"/>
    </file>
    <file name="/Users/jason.benedetti/DoclerLabs/api-client-generator/src/Ast/Builder/ParameterBuilder.php">
      <class name="DoclerLabs\ApiClientGenerator\Ast\Builder\ParameterBuilder" namespace="global">
        <metrics complexity="8" methods="4" coveredmethods="3" conditionals="0" coveredconditionals="0" statements="20" coveredstatements="16" elements="24" coveredelements="19"/>
      </class>
      <line num="15" type="method" name="__construct" visibility="public" complexity="1" crap="1" count="1"/>
      <line num="17" type="stmt" count="1"/>
      <line num="18" type="stmt" count="1"/>
      <line num="19" type="stmt" count="1"/>
      <line num="21" type="method" name="setType" visibility="public" complexity="5" crap="9.66" count="1"/>
      <line num="23" type="stmt" count="1"/>
      <line num="24" type="stmt" count="0"/>
      <line num="27" type="stmt" count="1"/>
      <line num="28" type="stmt" count="0"/>
      <line num="29" type="stmt" count="0"/>
      <line num="32" type="stmt" count="0"/>
      <line num="35" type="stmt" count="1"/>
      <line num="38" type="method" name="getNode" visibility="public" complexity="1" crap="1" count="1"/>
      <line num="40" type="stmt" count="1"/>
      <line num="41" type="stmt" count="1"/>
      <line num="42" type="stmt" count="1"/>
      <line num="43" type="stmt" count="1"/>
      <line num="44" type="stmt" count="1"/>
      <line num="45" type="stmt" count="1"/>
      <line num="46" type="stmt" count="1"/>
      <line num="47" type="stmt" count="1"/>
      <line num="51" type="method" name="setDocBlockType" visibility="public" complexity="1" crap="1" count="1"/>
      <line num="53" type="stmt" count="1"/>
      <line num="55" type="stmt" count="1"/>
      <metrics loc="57" ncloc="57" classes="1" methods="4" coveredmethods="3" conditionals="0" coveredconditionals="0" statements="20" coveredstatements="16" elements="24" coveredelements="19"/>
    </file>
    <file name="/Users/jason.benedetti/DoclerLabs/api-client-generator/src/Ast/ParameterNode.php">
      <class name="DoclerLabs\ApiClientGenerator\Ast\ParameterNode" namespace="global">
        <metrics complexity="6" methods="2" coveredmethods="1" conditionals="0" coveredconditionals="0" statements="12" coveredstatements="9" elements="14" coveredelements="10"/>
      </class>
      <line num="14" type="method" name="__construct" visibility="public" complexity="1" crap="1" count="1"/>
      <line num="23" type="stmt" count="1"/>
      <line num="25" type="stmt" count="1"/>
      <line num="26" type="stmt" count="1"/>
      <line num="28" type="method" name="getDocBlockType" visibility="public" complexity="5" crap="5.93" count="1"/>
      <line num="30" type="stmt" count="1"/>
      <line num="31" type="stmt" count="1"/>
      <line num="34" type="stmt" count="1"/>
      <line num="35" type="stmt" count="0"/>
      <line num="38" type="stmt" count="1"/>
      <line num="39" type="stmt" count="0"/>
      <line num="42" type="stmt" count="1"/>
      <line num="43" type="stmt" count="1"/>
      <line num="46" type="stmt" count="0"/>
      <metrics loc="48" ncloc="48" classes="1" methods="2" coveredmethods="1" conditionals="0" coveredconditionals="0" statements="12" coveredstatements="9" elements="14" coveredelements="10"/>
    </file>
    <file name="/Users/jason.benedetti/DoclerLabs/api-client-generator/src/Ast/PhpVersion.php">
      <class name="DoclerLabs\ApiClientGenerator\Ast\PhpVersion" namespace="global">
        <metrics complexity="8" methods="7" coveredmethods="7" conditionals="0" coveredconditionals="0" statements="12" coveredstatements="12" elements="19" coveredelements="19"/>
      </class>
      <line num="23" type="method" name="__construct" visibility="public" complexity="2" crap="2" count="6"/>
      <line num="25" type="stmt" count="6"/>
      <line num="26" type="stmt" count="1"/>
      <line num="28" type="stmt" count="1"/>
      <line num="29" type="stmt" count="1"/>
      <line num="33" type="stmt" count="5"/>
      <line num="34" type="stmt" count="5"/>
      <line num="36" type="method" name="isClassConstantVisibilitySupported" visibility="public" complexity="1" crap="1" count="1"/>
      <line num="38" type="stmt" count="1"/>
      <line num="41" type="method" name="isNullableTypeHintSupported" visibility="public" complexity="1" crap="1" count="2"/>
      <line num="43" type="stmt" count="2"/>
      <line num="46" type="method" name="isVoidReturnTypeSupported" visibility="public" complexity="1" crap="1" count="2"/>
      <line num="48" type="stmt" count="2"/>
      <line num="51" type="method" name="isPropertyTypeHintSupported" visibility="public" complexity="1" crap="1" count="2"/>
      <line num="53" type="stmt" count="2"/>
      <line num="56" type="method" name="isVersionGreaterThanOrEqualTo71" visibility="protected" complexity="1" crap="1" count="4"/>
      <line num="58" type="stmt" count="4"/>
      <line num="61" type="method" name="isVersionGreaterThanOrEqualTo74" visibility="protected" complexity="1" crap="1" count="2"/>
      <line num="63" type="stmt" count="2"/>
      <metrics loc="65" ncloc="65" classes="1" methods="7" coveredmethods="7" conditionals="0" coveredconditionals="0" statements="12" coveredstatements="12" elements="19" coveredelements="19"/>
    </file>
    <file name="/Users/jason.benedetti/DoclerLabs/api-client-generator/src/Ast/Visitor/NamespaceSubstituteVisitor.php">
      <class name="DoclerLabs\ApiClientGenerator\Ast\Visitor\NamespaceSubstituteVisitor" namespace="global">
        <metrics complexity="6" methods="3" coveredmethods="3" conditionals="0" coveredconditionals="0" statements="12" coveredstatements="12" elements="15" coveredelements="15"/>
      </class>
      <line num="17" type="method" name="__construct" visibility="public" complexity="1" crap="1" count="3"/>
      <line num="19" type="stmt" count="3"/>
      <line num="20" type="stmt" count="3"/>
      <line num="21" type="stmt" count="3"/>
      <line num="23" type="method" name="leaveNode" visibility="public" complexity="3" crap="3" count="3"/>
      <line num="25" type="stmt" count="3"/>
      <line num="26" type="stmt" count="2"/>
      <line num="27" type="stmt" count="2"/>
      <line num="28" type="stmt" count="2"/>
      <line num="31" type="stmt" count="3"/>
      <line num="37" type="method" name="renameNode" visibility="private" complexity="2" crap="2" count="3"/>
      <line num="39" type="stmt" count="3"/>
      <line num="40" type="stmt" count="3"/>
      <line num="41" type="stmt" count="3"/>
      <line num="43" type="stmt" count="3"/>
      <metrics loc="44" ncloc="41" classes="1" methods="3" coveredmethods="3" conditionals="0" coveredconditionals="0" statements="12" coveredstatements="12" elements="15" coveredelements="15"/>
    </file>
    <file name="/Users/jason.benedetti/DoclerLabs/api-client-generator/src/CodeGeneratorFacade.php">
      <class name="DoclerLabs\ApiClientGenerator\CodeGeneratorFacade" namespace="global">
        <metrics complexity="3" methods="2" coveredmethods="2" conditionals="0" coveredconditionals="0" statements="5" coveredstatements="5" elements="7" coveredelements="7"/>
      </class>
      <line num="13" type="method" name="add" visibility="public" complexity="1" crap="1" count="2"/>
      <line num="15" type="stmt" count="2"/>
      <line num="17" type="stmt" count="2"/>
      <line num="20" type="method" name="generate" visibility="public" complexity="2" crap="2" count="2"/>
      <line num="22" type="stmt" count="2"/>
      <line num="23" type="stmt" count="2"/>
      <line num="25" type="stmt" count="2"/>
      <metrics loc="26" ncloc="26" classes="1" methods="2" coveredmethods="2" conditionals="0" coveredconditionals="0" statements="5" coveredstatements="5" elements="7" coveredelements="7"/>
    </file>
    <file name="/Users/jason.benedetti/DoclerLabs/api-client-generator/src/Command/GenerateCommand.php">
      <class name="DoclerLabs\ApiClientGenerator\Command\GenerateCommand" namespace="global">
        <metrics complexity="14" methods="9" coveredmethods="8" conditionals="0" coveredconditionals="0" statements="98" coveredstatements="97" elements="107" coveredelements="105"/>
      </class>
      <line num="46" type="method" name="__construct" visibility="public" complexity="1" crap="1" count="1"/>
      <line num="59" type="stmt" count="1"/>
      <line num="60" type="stmt" count="1"/>
      <line num="61" type="stmt" count="1"/>
      <line num="62" type="stmt" count="1"/>
      <line num="63" type="stmt" count="1"/>
      <line num="64" type="stmt" count="1"/>
      <line num="65" type="stmt" count="1"/>
      <line num="66" type="stmt" count="1"/>
      <line num="67" type="stmt" count="1"/>
      <line num="68" type="stmt" count="1"/>
      <line num="69" type="stmt" count="1"/>
      <line num="70" type="stmt" count="1"/>
      <line num="71" type="stmt" count="1"/>
      <line num="73" type="method" name="configure" visibility="public" complexity="1" crap="1" count="1"/>
      <line num="75" type="stmt" count="1"/>
      <line num="76" type="stmt" count="1"/>
      <line num="77" type="stmt" count="1"/>
      <line num="78" type="stmt" count="1"/>
      <line num="80" type="stmt" count="1"/>
      <line num="82" type="method" name="execute" visibility="public" complexity="1" crap="1" count="1"/>
      <line num="84" type="stmt" count="1"/>
      <line num="85" type="stmt" count="1"/>
      <line num="87" type="stmt" count="1"/>
      <line num="88" type="stmt" count="1"/>
      <line num="92" type="stmt" count="1"/>
      <line num="94" type="stmt" count="1"/>
      <line num="95" type="stmt" count="1"/>
      <line num="96" type="stmt" count="1"/>
      <line num="97" type="stmt" count="1"/>
      <line num="99" type="stmt" count="1"/>
      <line num="102" type="method" name="generatePhpFiles" visibility="private" complexity="2" crap="2" count="1"/>
      <line num="104" type="stmt" count="1"/>
      <line num="105" type="stmt" count="1"/>
      <line num="107" type="stmt" count="1"/>
      <line num="108" type="stmt" count="1"/>
      <line num="110" type="stmt" count="1"/>
      <line num="111" type="stmt" count="1"/>
      <line num="112" type="stmt" count="1"/>
      <line num="113" type="stmt" count="1"/>
      <line num="114" type="stmt" count="1"/>
      <line num="115" type="stmt" count="1"/>
      <line num="116" type="stmt" count="1"/>
      <line num="117" type="stmt" count="1"/>
      <line num="121" type="stmt" count="1"/>
      <line num="123" type="stmt" count="1"/>
      <line num="124" type="stmt" count="1"/>
      <line num="126" type="method" name="generateMetaFiles" visibility="private" complexity="2" crap="2" count="1"/>
      <line num="128" type="stmt" count="1"/>
      <line num="129" type="stmt" count="1"/>
      <line num="131" type="stmt" count="1"/>
      <line num="132" type="stmt" count="1"/>
      <line num="134" type="stmt" count="1"/>
      <line num="135" type="stmt" count="1"/>
      <line num="136" type="stmt" count="1"/>
      <line num="137" type="stmt" count="1"/>
      <line num="140" type="stmt" count="1"/>
      <line num="142" type="stmt" count="1"/>
      <line num="143" type="stmt" count="1"/>
      <line num="145" type="method" name="copyStaticPhpFiles" visibility="private" complexity="3" crap="3" count="1"/>
      <line num="147" type="stmt" count="1"/>
      <line num="148" type="stmt" count="1"/>
      <line num="149" type="stmt" count="1"/>
      <line num="150" type="stmt" count="1"/>
      <line num="151" type="stmt" count="1"/>
      <line num="153" type="stmt" count="1"/>
      <line num="154" type="stmt" count="1"/>
      <line num="156" type="stmt" count="1"/>
      <line num="157" type="stmt" count="1"/>
      <line num="158" type="stmt" count="1"/>
      <line num="159" type="stmt" count="1"/>
      <line num="160" type="stmt" count="1"/>
      <line num="161" type="stmt" count="1"/>
      <line num="162" type="stmt" count="1"/>
      <line num="163" type="stmt" count="1"/>
      <line num="166" type="stmt" count="1"/>
      <line num="167" type="stmt" count="1"/>
      <line num="172" type="stmt" count="1"/>
      <line num="174" type="stmt" count="1"/>
      <line num="175" type="stmt" count="1"/>
      <line num="177" type="method" name="copySpecification" visibility="private" complexity="1" crap="1" count="1"/>
      <line num="179" type="stmt" count="1"/>
      <line num="180" type="stmt" count="1"/>
      <line num="181" type="stmt" count="1"/>
      <line num="182" type="stmt" count="1"/>
      <line num="185" type="stmt" count="1"/>
      <line num="187" type="stmt" count="1"/>
      <line num="188" type="stmt" count="1"/>
      <line num="191" type="stmt" count="1"/>
      <line num="193" type="method" name="initWarningPrinting" visibility="private" complexity="2" crap="2.01" count="1"/>
      <line num="195" type="stmt" count="1"/>
      <line num="196" type="stmt" count="1"/>
      <line num="197" type="stmt" count="1"/>
      <line num="198" type="stmt" count="1"/>
      <line num="199" type="stmt" count="1"/>
      <line num="200" type="stmt" count="1"/>
      <line num="203" type="stmt" count="0"/>
      <line num="205" type="stmt" count="1"/>
      <line num="207" type="method" name="getBlacklistedFiles" visibility="private" complexity="1" crap="1" count="1"/>
      <line num="210" type="stmt" count="1"/>
      <line num="216" type="stmt" count="1"/>
      <line num="218" type="stmt" count="1"/>
      <line num="219" type="stmt" count="1"/>
      <line num="220" type="stmt" count="1"/>
      <line num="221" type="stmt" count="1"/>
      <line num="222" type="stmt" count="1"/>
      <line num="223" type="stmt" count="1"/>
      <metrics loc="227" ncloc="227" classes="1" methods="9" coveredmethods="8" conditionals="0" coveredconditionals="0" statements="98" coveredstatements="97" elements="107" coveredelements="105"/>
    </file>
    <file name="/Users/jason.benedetti/DoclerLabs/api-client-generator/src/Entity/Constraint/ConstraintCollection.php">
      <class name="DoclerLabs\ApiClientGenerator\Entity\Constraint\ConstraintCollection" namespace="global">
        <metrics complexity="2" methods="2" coveredmethods="2" conditionals="0" coveredconditionals="0" statements="3" coveredstatements="3" elements="5" coveredelements="5"/>
      </class>
      <line num="15" type="method" name="__construct" visibility="public" complexity="1" crap="1" count="2"/>
      <line num="17" type="stmt" count="2"/>
      <line num="18" type="stmt" count="2"/>
      <line num="20" type="method" name="getIterator" visibility="public" complexity="1" crap="1" count="1"/>
      <line num="22" type="stmt" count="1"/>
      <metrics loc="24" ncloc="24" classes="1" methods="2" coveredmethods="2" conditionals="0" coveredconditionals="0" statements="3" coveredstatements="3" elements="5" coveredelements="5"/>
    </file>
    <file name="/Users/jason.benedetti/DoclerLabs/api-client-generator/src/Entity/Constraint/ConstraintInterface.php">
      <metrics loc="18" ncloc="18" classes="0" methods="0" coveredmethods="0" conditionals="0" coveredconditionals="0" statements="0" coveredstatements="0" elements="0" coveredelements="0"/>
    </file>
    <file name="/Users/jason.benedetti/DoclerLabs/api-client-generator/src/Entity/Constraint/MaxItemsConstraint.php">
      <class name="DoclerLabs\ApiClientGenerator\Entity\Constraint\MaxItemsConstraint" namespace="global">
        <metrics complexity="5" methods="5" coveredmethods="2" conditionals="0" coveredconditionals="0" statements="9" coveredstatements="3" elements="14" coveredelements="5"/>
      </class>
      <line num="15" type="method" name="__construct" visibility="public" complexity="1" crap="1" count="2"/>
      <line num="17" type="stmt" count="2"/>
      <line num="18" type="stmt" count="2"/>
      <line num="20" type="method" name="getMaxItems" visibility="public" complexity="1" crap="2" count="0"/>
      <line num="22" type="stmt" count="0"/>
      <line num="25" type="method" name="exists" visibility="public" complexity="1" crap="1" count="1"/>
      <line num="27" type="stmt" count="1"/>
      <line num="30" type="method" name="getIfCondition" visibility="public" complexity="1" crap="2" count="0"/>
      <line num="32" type="stmt" count="0"/>
      <line num="33" type="stmt" count="0"/>
      <line num="34" type="stmt" count="0"/>
      <line num="35" type="stmt" count="0"/>
      <line num="39" type="method" name="getExceptionMessage" visibility="public" complexity="1" crap="2" count="0"/>
      <line num="41" type="stmt" count="0"/>
      <metrics loc="43" ncloc="43" classes="1" methods="5" coveredmethods="2" conditionals="0" coveredconditionals="0" statements="9" coveredstatements="3" elements="14" coveredelements="5"/>
    </file>
    <file name="/Users/jason.benedetti/DoclerLabs/api-client-generator/src/Entity/Constraint/MaxLengthConstraint.php">
      <class name="DoclerLabs\ApiClientGenerator\Entity\Constraint\MaxLengthConstraint" namespace="global">
        <metrics complexity="5" methods="5" coveredmethods="2" conditionals="0" coveredconditionals="0" statements="9" coveredstatements="3" elements="14" coveredelements="5"/>
      </class>
      <line num="15" type="method" name="__construct" visibility="public" complexity="1" crap="1" count="2"/>
      <line num="17" type="stmt" count="2"/>
      <line num="18" type="stmt" count="2"/>
      <line num="20" type="method" name="getMaxLength" visibility="public" complexity="1" crap="2" count="0"/>
      <line num="22" type="stmt" count="0"/>
      <line num="25" type="method" name="exists" visibility="public" complexity="1" crap="1" count="1"/>
      <line num="27" type="stmt" count="1"/>
      <line num="30" type="method" name="getIfCondition" visibility="public" complexity="1" crap="2" count="0"/>
      <line num="32" type="stmt" count="0"/>
      <line num="33" type="stmt" count="0"/>
      <line num="34" type="stmt" count="0"/>
      <line num="35" type="stmt" count="0"/>
      <line num="39" type="method" name="getExceptionMessage" visibility="public" complexity="1" crap="2" count="0"/>
      <line num="41" type="stmt" count="0"/>
      <metrics loc="43" ncloc="43" classes="1" methods="5" coveredmethods="2" conditionals="0" coveredconditionals="0" statements="9" coveredstatements="3" elements="14" coveredelements="5"/>
    </file>
    <file name="/Users/jason.benedetti/DoclerLabs/api-client-generator/src/Entity/Constraint/MaximumConstraint.php">
      <class name="DoclerLabs\ApiClientGenerator\Entity\Constraint\MaximumConstraint" namespace="global">
        <metrics complexity="9" methods="5" coveredmethods="2" conditionals="0" coveredconditionals="0" statements="14" coveredstatements="5" elements="19" coveredelements="7"/>
      </class>
      <line num="20" type="method" name="__construct" visibility="public" complexity="1" crap="1" count="2"/>
      <line num="22" type="stmt" count="2"/>
      <line num="23" type="stmt" count="2"/>
      <line num="24" type="stmt" count="2"/>
      <line num="25" type="stmt" count="2"/>
      <line num="27" type="method" name="isExclusiveMaximum" visibility="public" complexity="1" crap="2" count="0"/>
      <line num="29" type="stmt" count="0"/>
      <line num="32" type="method" name="exists" visibility="public" complexity="1" crap="1" count="1"/>
      <line num="34" type="stmt" count="1"/>
      <line num="37" type="method" name="getIfCondition" visibility="public" complexity="3" crap="12" count="0"/>
      <line num="39" type="stmt" count="0"/>
      <line num="40" type="stmt" count="0"/>
      <line num="41" type="stmt" count="0"/>
      <line num="42" type="stmt" count="0"/>
      <line num="46" type="method" name="getExceptionMessage" visibility="public" complexity="3" crap="12" count="0"/>
      <line num="48" type="stmt" count="0"/>
      <line num="49" type="stmt" count="0"/>
      <line num="50" type="stmt" count="0"/>
      <line num="51" type="stmt" count="0"/>
      <metrics loc="54" ncloc="54" classes="1" methods="5" coveredmethods="2" conditionals="0" coveredconditionals="0" statements="14" coveredstatements="5" elements="19" coveredelements="7"/>
    </file>
    <file name="/Users/jason.benedetti/DoclerLabs/api-client-generator/src/Entity/Constraint/MinItemsConstraint.php">
      <class name="DoclerLabs\ApiClientGenerator\Entity\Constraint\MinItemsConstraint" namespace="global">
        <metrics complexity="5" methods="5" coveredmethods="2" conditionals="0" coveredconditionals="0" statements="9" coveredstatements="3" elements="14" coveredelements="5"/>
      </class>
      <line num="15" type="method" name="__construct" visibility="public" complexity="1" crap="1" count="2"/>
      <line num="17" type="stmt" count="2"/>
      <line num="18" type="stmt" count="2"/>
      <line num="20" type="method" name="getMinItems" visibility="public" complexity="1" crap="2" count="0"/>
      <line num="22" type="stmt" count="0"/>
      <line num="25" type="method" name="exists" visibility="public" complexity="1" crap="1" count="1"/>
      <line num="27" type="stmt" count="1"/>
      <line num="30" type="method" name="getIfCondition" visibility="public" complexity="1" crap="2" count="0"/>
      <line num="32" type="stmt" count="0"/>
      <line num="33" type="stmt" count="0"/>
      <line num="34" type="stmt" count="0"/>
      <line num="35" type="stmt" count="0"/>
      <line num="39" type="method" name="getExceptionMessage" visibility="public" complexity="1" crap="2" count="0"/>
      <line num="41" type="stmt" count="0"/>
      <metrics loc="43" ncloc="43" classes="1" methods="5" coveredmethods="2" conditionals="0" coveredconditionals="0" statements="9" coveredstatements="3" elements="14" coveredelements="5"/>
    </file>
    <file name="/Users/jason.benedetti/DoclerLabs/api-client-generator/src/Entity/Constraint/MinLengthConstraint.php">
      <class name="DoclerLabs\ApiClientGenerator\Entity\Constraint\MinLengthConstraint" namespace="global">
        <metrics complexity="5" methods="5" coveredmethods="2" conditionals="0" coveredconditionals="0" statements="9" coveredstatements="3" elements="14" coveredelements="5"/>
      </class>
      <line num="15" type="method" name="__construct" visibility="public" complexity="1" crap="1" count="2"/>
      <line num="17" type="stmt" count="2"/>
      <line num="18" type="stmt" count="2"/>
      <line num="20" type="method" name="getMinLength" visibility="public" complexity="1" crap="2" count="0"/>
      <line num="22" type="stmt" count="0"/>
      <line num="25" type="method" name="exists" visibility="public" complexity="1" crap="1" count="1"/>
      <line num="27" type="stmt" count="1"/>
      <line num="30" type="method" name="getIfCondition" visibility="public" complexity="1" crap="2" count="0"/>
      <line num="32" type="stmt" count="0"/>
      <line num="33" type="stmt" count="0"/>
      <line num="34" type="stmt" count="0"/>
      <line num="35" type="stmt" count="0"/>
      <line num="39" type="method" name="getExceptionMessage" visibility="public" complexity="1" crap="2" count="0"/>
      <line num="41" type="stmt" count="0"/>
      <metrics loc="43" ncloc="43" classes="1" methods="5" coveredmethods="2" conditionals="0" coveredconditionals="0" statements="9" coveredstatements="3" elements="14" coveredelements="5"/>
    </file>
    <file name="/Users/jason.benedetti/DoclerLabs/api-client-generator/src/Entity/Constraint/MinimumConstraint.php">
      <class name="DoclerLabs\ApiClientGenerator\Entity\Constraint\MinimumConstraint" namespace="global">
        <metrics complexity="8" methods="4" coveredmethods="2" conditionals="0" coveredconditionals="0" statements="13" coveredstatements="5" elements="17" coveredelements="7"/>
      </class>
      <line num="20" type="method" name="__construct" visibility="public" complexity="1" crap="1" count="2"/>
      <line num="22" type="stmt" count="2"/>
      <line num="23" type="stmt" count="2"/>
      <line num="24" type="stmt" count="2"/>
      <line num="25" type="stmt" count="2"/>
      <line num="27" type="method" name="exists" visibility="public" complexity="1" crap="1" count="1"/>
      <line num="29" type="stmt" count="1"/>
      <line num="32" type="method" name="getIfCondition" visibility="public" complexity="3" crap="12" count="0"/>
      <line num="34" type="stmt" count="0"/>
      <line num="35" type="stmt" count="0"/>
      <line num="36" type="stmt" count="0"/>
      <line num="37" type="stmt" count="0"/>
      <line num="41" type="method" name="getExceptionMessage" visibility="public" complexity="3" crap="12" count="0"/>
      <line num="43" type="stmt" count="0"/>
      <line num="44" type="stmt" count="0"/>
      <line num="45" type="stmt" count="0"/>
      <line num="46" type="stmt" count="0"/>
      <metrics loc="49" ncloc="49" classes="1" methods="4" coveredmethods="2" conditionals="0" coveredconditionals="0" statements="13" coveredstatements="5" elements="17" coveredelements="7"/>
    </file>
    <file name="/Users/jason.benedetti/DoclerLabs/api-client-generator/src/Entity/Constraint/PatternConstraint.php">
      <class name="DoclerLabs\ApiClientGenerator\Entity\Constraint\PatternConstraint" namespace="global">
        <metrics complexity="5" methods="5" coveredmethods="2" conditionals="0" coveredconditionals="0" statements="8" coveredstatements="3" elements="13" coveredelements="5"/>
      </class>
      <line num="15" type="method" name="__construct" visibility="public" complexity="1" crap="1" count="2"/>
      <line num="17" type="stmt" count="2"/>
      <line num="18" type="stmt" count="2"/>
      <line num="20" type="method" name="getPattern" visibility="public" complexity="1" crap="2" count="0"/>
      <line num="22" type="stmt" count="0"/>
      <line num="25" type="method" name="exists" visibility="public" complexity="1" crap="1" count="1"/>
      <line num="27" type="stmt" count="1"/>
      <line num="30" type="method" name="getIfCondition" visibility="public" complexity="1" crap="2" count="0"/>
      <line num="32" type="stmt" count="0"/>
      <line num="33" type="stmt" count="0"/>
      <line num="34" type="stmt" count="0"/>
      <line num="38" type="method" name="getExceptionMessage" visibility="public" complexity="1" crap="2" count="0"/>
      <line num="40" type="stmt" count="0"/>
      <metrics loc="42" ncloc="42" classes="1" methods="5" coveredmethods="2" conditionals="0" coveredconditionals="0" statements="8" coveredstatements="3" elements="13" coveredelements="5"/>
    </file>
    <file name="/Users/jason.benedetti/DoclerLabs/api-client-generator/src/Entity/Field.php">
      <class name="DoclerLabs\ApiClientGenerator\Entity\Field" namespace="global">
        <metrics complexity="45" methods="25" coveredmethods="21" conditionals="0" coveredconditionals="0" statements="61" coveredstatements="57" elements="86" coveredelements="78"/>
      </class>
      <line num="30" type="method" name="__construct" visibility="public" complexity="1" crap="1" count="2"/>
      <line num="38" type="stmt" count="2"/>
      <line num="39" type="stmt" count="2"/>
      <line num="40" type="stmt" count="2"/>
      <line num="41" type="stmt" count="2"/>
      <line num="42" type="stmt" count="2"/>
      <line num="43" type="stmt" count="2"/>
      <line num="44" type="stmt" count="2"/>
      <line num="46" type="method" name="getArrayItem" visibility="public" complexity="2" crap="2.15" count="2"/>
      <line num="48" type="stmt" count="2"/>
      <line num="49" type="stmt" count="0"/>
      <line num="52" type="stmt" count="2"/>
      <line num="55" type="method" name="setArrayItem" visibility="public" complexity="1" crap="1" count="2"/>
      <line num="57" type="stmt" count="2"/>
      <line num="59" type="stmt" count="2"/>
      <line num="65" type="method" name="getObjectProperties" visibility="public" complexity="1" crap="1" count="2"/>
      <line num="67" type="stmt" count="2"/>
      <line num="70" type="method" name="setObjectProperties" visibility="public" complexity="1" crap="1" count="2"/>
      <line num="72" type="stmt" count="2"/>
      <line num="74" type="stmt" count="2"/>
      <line num="77" type="method" name="getFormat" visibility="public" complexity="1" crap="1" count="1"/>
      <line num="79" type="stmt" count="1"/>
      <line num="82" type="method" name="setFormat" visibility="public" complexity="1" crap="1" count="2"/>
      <line num="84" type="stmt" count="2"/>
      <line num="86" type="stmt" count="2"/>
      <line num="89" type="method" name="getName" visibility="public" complexity="1" crap="1" count="1"/>
      <line num="91" type="stmt" count="1"/>
      <line num="94" type="method" name="getType" visibility="public" complexity="1" crap="2" count="0"/>
      <line num="96" type="stmt" count="0"/>
      <line num="99" type="method" name="getConstraints" visibility="public" complexity="1" crap="1" count="1"/>
      <line num="101" type="stmt" count="1"/>
      <line num="104" type="method" name="getReferenceName" visibility="public" complexity="1" crap="1" count="2"/>
      <line num="106" type="stmt" count="2"/>
      <line num="109" type="method" name="isRequired" visibility="public" complexity="1" crap="1" count="1"/>
      <line num="111" type="stmt" count="1"/>
      <line num="114" type="method" name="isOptional" visibility="public" complexity="1" crap="1" count="1"/>
      <line num="116" type="stmt" count="1"/>
      <line num="119" type="method" name="isNullable" visibility="public" complexity="1" crap="1" count="1"/>
      <line num="121" type="stmt" count="1"/>
      <line num="124" type="method" name="isDate" visibility="public" complexity="3" crap="3" count="1"/>
      <line num="126" type="stmt" count="1"/>
      <line num="128" type="stmt" count="1"/>
      <line num="131" type="method" name="isObject" visibility="public" complexity="1" crap="1" count="2"/>
      <line num="133" type="stmt" count="2"/>
      <line num="136" type="method" name="isArray" visibility="public" complexity="1" crap="1" count="2"/>
      <line num="138" type="stmt" count="2"/>
      <line num="141" type="method" name="isArrayOfObjects" visibility="public" complexity="3" crap="3" count="2"/>
      <line num="143" type="stmt" count="2"/>
      <line num="144" type="stmt" count="2"/>
      <line num="145" type="stmt" count="2"/>
      <line num="151" type="method" name="getDefault" visibility="public" complexity="1" crap="1" count="1"/>
      <line num="153" type="stmt" count="1"/>
      <line num="159" type="method" name="setDefault" visibility="public" complexity="1" crap="1" count="1"/>
      <line num="161" type="stmt" count="1"/>
      <line num="163" type="stmt" count="1"/>
      <line num="166" type="method" name="getPhpVariableName" visibility="public" complexity="1" crap="1" count="1"/>
      <line num="168" type="stmt" count="1"/>
      <line num="171" type="method" name="getPhpClassName" visibility="public" complexity="5" crap="5.05" count="2"/>
      <line num="173" type="stmt" count="2"/>
      <line num="174" type="stmt" count="2"/>
      <line num="178" type="stmt" count="2"/>
      <line num="179" type="stmt" count="2"/>
      <line num="181" type="stmt" count="2"/>
      <line num="184" type="stmt" count="1"/>
      <line num="185" type="stmt" count="1"/>
      <line num="188" type="stmt" count="0"/>
      <line num="191" type="method" name="getPhpTypeHint" visibility="public" complexity="3" crap="3" count="1"/>
      <line num="193" type="stmt" count="1"/>
      <line num="194" type="stmt" count="1"/>
      <line num="197" type="stmt" count="1"/>
      <line num="200" type="method" name="getPhpDocType" visibility="public" complexity="9" crap="9.04" count="1"/>
      <line num="202" type="stmt" count="1"/>
      <line num="203" type="stmt" count="0"/>
      <line num="206" type="stmt" count="1"/>
      <line num="207" type="stmt" count="1"/>
      <line num="208" type="stmt" count="1"/>
      <line num="209" type="stmt" count="1"/>
      <line num="211" type="stmt" count="1"/>
      <line num="214" type="stmt" count="1"/>
      <line num="215" type="stmt" count="1"/>
      <line num="218" type="stmt" count="1"/>
      <line num="219" type="stmt" count="1"/>
      <line num="220" type="stmt" count="1"/>
      <line num="223" type="stmt" count="1"/>
      <line num="226" type="method" name="isComposite" visibility="public" complexity="2" crap="2" count="1"/>
      <line num="228" type="stmt" count="1"/>
      <metrics loc="230" ncloc="220" classes="1" methods="25" coveredmethods="21" conditionals="0" coveredconditionals="0" statements="61" coveredstatements="57" elements="86" coveredelements="78"/>
    </file>
    <file name="/Users/jason.benedetti/DoclerLabs/api-client-generator/src/Entity/FieldCollection.php">
      <class name="DoclerLabs\ApiClientGenerator\Entity\FieldCollection" namespace="global">
        <metrics complexity="8" methods="5" coveredmethods="5" conditionals="0" coveredconditionals="0" statements="15" coveredstatements="15" elements="20" coveredelements="20"/>
      </class>
      <line num="12" type="method" name="add" visibility="public" complexity="1" crap="1" count="2"/>
      <line num="14" type="stmt" count="2"/>
      <line num="16" type="stmt" count="2"/>
      <line num="19" type="method" name="set" visibility="public" complexity="1" crap="1" count="2"/>
      <line num="21" type="stmt" count="2"/>
      <line num="23" type="stmt" count="2"/>
      <line num="26" type="method" name="merge" visibility="public" complexity="3" crap="3" count="2"/>
      <line num="28" type="stmt" count="2"/>
      <line num="29" type="stmt" count="2"/>
      <line num="30" type="stmt" count="1"/>
      <line num="33" type="stmt" count="2"/>
      <line num="34" type="stmt" count="2"/>
      <line num="37" type="stmt" count="2"/>
      <line num="40" type="method" name="getUniqueByPhpClassName" visibility="public" complexity="2" crap="2" count="2"/>
      <line num="42" type="stmt" count="2"/>
      <line num="43" type="stmt" count="2"/>
      <line num="44" type="stmt" count="2"/>
      <line num="47" type="stmt" count="2"/>
      <line num="50" type="method" name="getIterator" visibility="public" complexity="1" crap="1" count="2"/>
      <line num="52" type="stmt" count="2"/>
      <metrics loc="54" ncloc="54" classes="1" methods="5" coveredmethods="5" conditionals="0" coveredconditionals="0" statements="15" coveredstatements="15" elements="20" coveredelements="20"/>
    </file>
    <file name="/Users/jason.benedetti/DoclerLabs/api-client-generator/src/Entity/FieldType.php">
      <class name="DoclerLabs\ApiClientGenerator\Entity\FieldType" namespace="global">
        <metrics complexity="27" methods="17" coveredmethods="17" conditionals="0" coveredconditionals="0" statements="30" coveredstatements="30" elements="47" coveredelements="47"/>
      </class>
      <line num="40" type="method" name="__construct" visibility="public" complexity="4" crap="4" count="10"/>
      <line num="43" type="stmt" count="10"/>
      <line num="45" type="stmt" count="9"/>
      <line num="46" type="stmt" count="10"/>
      <line num="49" type="stmt" count="1"/>
      <line num="52" type="stmt" count="9"/>
      <line num="53" type="stmt" count="9"/>
      <line num="54" type="stmt" count="9"/>
      <line num="56" type="method" name="toSpecificationType" visibility="public" complexity="1" crap="1" count="7"/>
      <line num="58" type="stmt" count="7"/>
      <line num="61" type="method" name="toPhpType" visibility="public" complexity="1" crap="1" count="8"/>
      <line num="63" type="stmt" count="8"/>
      <line num="66" type="method" name="isString" visibility="public" complexity="2" crap="2" count="2"/>
      <line num="68" type="stmt" count="2"/>
      <line num="69" type="stmt" count="2"/>
      <line num="72" type="method" name="isSpecificationTypeString" visibility="public" complexity="1" crap="1" count="1"/>
      <line num="74" type="stmt" count="1"/>
      <line num="77" type="method" name="isFloat" visibility="public" complexity="2" crap="2" count="1"/>
      <line num="79" type="stmt" count="1"/>
      <line num="80" type="stmt" count="1"/>
      <line num="83" type="method" name="isSpecificationTypeFloat" visibility="public" complexity="1" crap="1" count="1"/>
      <line num="85" type="stmt" count="1"/>
      <line num="88" type="method" name="isInteger" visibility="public" complexity="2" crap="2" count="1"/>
      <line num="90" type="stmt" count="1"/>
      <line num="91" type="stmt" count="1"/>
      <line num="94" type="method" name="isSpecificationTypeInteger" visibility="public" complexity="1" crap="1" count="1"/>
      <line num="96" type="stmt" count="1"/>
      <line num="99" type="method" name="isArray" visibility="public" complexity="2" crap="2" count="3"/>
      <line num="101" type="stmt" count="3"/>
      <line num="102" type="stmt" count="3"/>
      <line num="105" type="method" name="isSpecificationTypeArray" visibility="public" complexity="1" crap="1" count="3"/>
      <line num="107" type="stmt" count="3"/>
      <line num="110" type="method" name="isBoolean" visibility="public" complexity="2" crap="2" count="1"/>
      <line num="112" type="stmt" count="1"/>
      <line num="113" type="stmt" count="1"/>
      <line num="116" type="method" name="isSpecificationTypeBoolean" visibility="public" complexity="1" crap="1" count="1"/>
      <line num="118" type="stmt" count="1"/>
      <line num="121" type="method" name="isObject" visibility="public" complexity="2" crap="2" count="3"/>
      <line num="123" type="stmt" count="3"/>
      <line num="124" type="stmt" count="3"/>
      <line num="127" type="method" name="isSpecificationTypeObject" visibility="public" complexity="1" crap="1" count="3"/>
      <line num="129" type="stmt" count="3"/>
      <line num="132" type="method" name="isMixed" visibility="public" complexity="2" crap="2" count="2"/>
      <line num="134" type="stmt" count="2"/>
      <line num="135" type="stmt" count="2"/>
      <line num="138" type="method" name="isSpecificationTypeMixed" visibility="public" complexity="1" crap="1" count="1"/>
      <line num="140" type="stmt" count="1"/>
      <metrics loc="142" ncloc="142" classes="1" methods="17" coveredmethods="17" conditionals="0" coveredconditionals="0" statements="30" coveredstatements="30" elements="47" coveredelements="47"/>
    </file>
    <file name="/Users/jason.benedetti/DoclerLabs/api-client-generator/src/Entity/ImportCollection.php">
      <class name="DoclerLabs\ApiClientGenerator\Entity\ImportCollection" namespace="global">
        <metrics complexity="2" methods="2" coveredmethods="2" conditionals="0" coveredconditionals="0" statements="3" coveredstatements="3" elements="5" coveredelements="5"/>
      </class>
      <line num="9" type="method" name="add" visibility="public" complexity="1" crap="1" count="1"/>
      <line num="11" type="stmt" count="1"/>
      <line num="13" type="stmt" count="1"/>
      <line num="16" type="method" name="toArray" visibility="public" complexity="1" crap="1" count="1"/>
      <line num="18" type="stmt" count="1"/>
      <metrics loc="20" ncloc="20" classes="1" methods="2" coveredmethods="2" conditionals="0" coveredconditionals="0" statements="3" coveredstatements="3" elements="5" coveredelements="5"/>
    </file>
    <file name="/Users/jason.benedetti/DoclerLabs/api-client-generator/src/Entity/Operation.php">
      <class name="DoclerLabs\ApiClientGenerator\Entity\Operation" namespace="global">
        <metrics complexity="7" methods="7" coveredmethods="7" conditionals="0" coveredconditionals="0" statements="13" coveredstatements="13" elements="20" coveredelements="20"/>
      </class>
      <line num="14" type="method" name="__construct" visibility="public" complexity="1" crap="1" count="8"/>
      <line num="22" type="stmt" count="8"/>
      <line num="23" type="stmt" count="8"/>
      <line num="24" type="stmt" count="8"/>
      <line num="25" type="stmt" count="8"/>
      <line num="26" type="stmt" count="8"/>
      <line num="27" type="stmt" count="8"/>
      <line num="28" type="stmt" count="8"/>
      <line num="30" type="method" name="getName" visibility="public" complexity="1" crap="1" count="3"/>
      <line num="32" type="stmt" count="3"/>
      <line num="35" type="method" name="getDescription" visibility="public" complexity="1" crap="1" count="2"/>
      <line num="37" type="stmt" count="2"/>
      <line num="40" type="method" name="getRequest" visibility="public" complexity="1" crap="1" count="3"/>
      <line num="42" type="stmt" count="3"/>
      <line num="45" type="method" name="getSuccessfulResponse" visibility="public" complexity="1" crap="1" count="3"/>
      <line num="47" type="stmt" count="3"/>
      <line num="50" type="method" name="getErrorResponses" visibility="public" complexity="1" crap="1" count="1"/>
      <line num="52" type="stmt" count="1"/>
      <line num="55" type="method" name="getTags" visibility="public" complexity="1" crap="1" count="2"/>
      <line num="57" type="stmt" count="2"/>
      <metrics loc="59" ncloc="59" classes="1" methods="7" coveredmethods="7" conditionals="0" coveredconditionals="0" statements="13" coveredstatements="13" elements="20" coveredelements="20"/>
    </file>
    <file name="/Users/jason.benedetti/DoclerLabs/api-client-generator/src/Entity/OperationCollection.php">
      <class name="DoclerLabs\ApiClientGenerator\Entity\OperationCollection" namespace="global">
        <metrics complexity="4" methods="3" coveredmethods="2" conditionals="0" coveredconditionals="0" statements="7" coveredstatements="6" elements="10" coveredelements="8"/>
      </class>
      <line num="14" type="method" name="add" visibility="public" complexity="2" crap="2.03" count="2"/>
      <line num="16" type="stmt" count="2"/>
      <line num="17" type="stmt" count="0"/>
      <line num="20" type="stmt" count="2"/>
      <line num="21" type="stmt" count="2"/>
      <line num="23" type="stmt" count="2"/>
      <line num="26" type="method" name="toArray" visibility="public" complexity="1" crap="1" count="2"/>
      <line num="28" type="stmt" count="2"/>
      <line num="31" type="method" name="getIterator" visibility="public" complexity="1" crap="1" count="2"/>
      <line num="33" type="stmt" count="2"/>
      <metrics loc="35" ncloc="35" classes="1" methods="3" coveredmethods="2" conditionals="0" coveredconditionals="0" statements="7" coveredstatements="6" elements="10" coveredelements="8"/>
    </file>
    <file name="/Users/jason.benedetti/DoclerLabs/api-client-generator/src/Entity/Request.php">
      <class name="DoclerLabs\ApiClientGenerator\Entity\Request" namespace="global">
        <metrics complexity="8" methods="6" coveredmethods="5" conditionals="0" coveredconditionals="0" statements="17" coveredstatements="13" elements="23" coveredelements="18"/>
      </class>
      <line num="42" type="method" name="__construct" visibility="public" complexity="3" crap="3.33" count="2"/>
      <line num="48" type="stmt" count="2"/>
      <line num="49" type="stmt" count="0"/>
      <line num="50" type="stmt" count="0"/>
      <line num="54" type="stmt" count="2"/>
      <line num="55" type="stmt" count="2"/>
      <line num="56" type="stmt" count="0"/>
      <line num="57" type="stmt" count="0"/>
      <line num="61" type="stmt" count="2"/>
      <line num="62" type="stmt" count="2"/>
      <line num="63" type="stmt" count="2"/>
      <line num="64" type="stmt" count="2"/>
      <line num="65" type="stmt" count="2"/>
      <line num="67" type="method" name="getPath" visibility="public" complexity="1" crap="1" count="1"/>
      <line num="69" type="stmt" count="1"/>
      <line num="72" type="method" name="getMethod" visibility="public" complexity="1" crap="1" count="1"/>
      <line num="74" type="stmt" count="1"/>
      <line num="77" type="method" name="getFields" visibility="public" complexity="1" crap="1" count="2"/>
      <line num="79" type="stmt" count="2"/>
      <line num="82" type="method" name="getBodyContentTypes" visibility="public" complexity="1" crap="1" count="1"/>
      <line num="84" type="stmt" count="1"/>
      <line num="87" type="method" name="toRelativePath" visibility="private" complexity="1" crap="1" count="2"/>
      <line num="89" type="stmt" count="2"/>
      <metrics loc="91" ncloc="91" classes="1" methods="6" coveredmethods="5" conditionals="0" coveredconditionals="0" statements="17" coveredstatements="13" elements="23" coveredelements="18"/>
    </file>
    <file name="/Users/jason.benedetti/DoclerLabs/api-client-generator/src/Entity/RequestFieldRegistry.php">
      <class name="DoclerLabs\ApiClientGenerator\Entity\RequestFieldRegistry" namespace="global">
        <metrics complexity="13" methods="7" coveredmethods="5" conditionals="0" coveredconditionals="0" statements="20" coveredstatements="18" elements="27" coveredelements="23"/>
      </class>
      <line num="25" type="method" name="add" visibility="public" complexity="2" crap="2.06" count="1"/>
      <line num="27" type="stmt" count="1"/>
      <line num="28" type="stmt" count="0"/>
      <line num="31" type="stmt" count="1"/>
      <line num="33" type="stmt" count="1"/>
      <line num="36" type="method" name="getQueryFields" visibility="public" complexity="2" crap="2" count="1"/>
      <line num="38" type="stmt" count="1"/>
      <line num="39" type="stmt" count="1"/>
      <line num="42" type="stmt" count="1"/>
      <line num="45" type="method" name="getPathFields" visibility="public" complexity="2" crap="2" count="1"/>
      <line num="47" type="stmt" count="1"/>
      <line num="48" type="stmt" count="1"/>
      <line num="51" type="stmt" count="1"/>
      <line num="54" type="method" name="getHeaderFields" visibility="public" complexity="2" crap="2" count="1"/>
      <line num="56" type="stmt" count="1"/>
      <line num="57" type="stmt" count="1"/>
      <line num="60" type="stmt" count="1"/>
      <line num="63" type="method" name="getCookieFields" visibility="public" complexity="2" crap="2.15" count="1"/>
      <line num="65" type="stmt" count="1"/>
      <line num="66" type="stmt" count="1"/>
      <line num="69" type="stmt" count="0"/>
      <line num="72" type="method" name="getBody" visibility="public" complexity="2" crap="2" count="1"/>
      <line num="74" type="stmt" count="1"/>
      <line num="75" type="stmt" count="1"/>
      <line num="78" type="stmt" count="1"/>
      <line num="81" type="method" name="getIterator" visibility="public" complexity="1" crap="1" count="2"/>
      <line num="83" type="stmt" count="2"/>
      <metrics loc="85" ncloc="85" classes="1" methods="7" coveredmethods="5" conditionals="0" coveredconditionals="0" statements="20" coveredstatements="18" elements="27" coveredelements="23"/>
    </file>
    <file name="/Users/jason.benedetti/DoclerLabs/api-client-generator/src/Entity/Response.php">
      <class name="DoclerLabs\ApiClientGenerator\Entity\Response" namespace="global">
        <metrics complexity="3" methods="3" coveredmethods="2" conditionals="0" coveredconditionals="0" statements="5" coveredstatements="4" elements="8" coveredelements="6"/>
      </class>
      <line num="10" type="method" name="__construct" visibility="public" complexity="1" crap="1" count="2"/>
      <line num="12" type="stmt" count="2"/>
      <line num="13" type="stmt" count="2"/>
      <line num="14" type="stmt" count="2"/>
      <line num="16" type="method" name="getStatusCode" visibility="public" complexity="1" crap="2" count="0"/>
      <line num="18" type="stmt" count="0"/>
      <line num="21" type="method" name="getBody" visibility="public" complexity="1" crap="1" count="2"/>
      <line num="23" type="stmt" count="2"/>
      <metrics loc="25" ncloc="25" classes="1" methods="3" coveredmethods="2" conditionals="0" coveredconditionals="0" statements="5" coveredstatements="4" elements="8" coveredelements="6"/>
    </file>
    <file name="/Users/jason.benedetti/DoclerLabs/api-client-generator/src/Generator/ClientFactoryGenerator.php">
      <class name="DoclerLabs\ApiClientGenerator\Generator\ClientFactoryGenerator" namespace="global">
        <metrics complexity="4" methods="3" coveredmethods="3" conditionals="0" coveredconditionals="0" statements="38" coveredstatements="38" elements="41" coveredelements="41"/>
      </class>
      <line num="18" type="method" name="__construct" visibility="public" complexity="1" crap="1" count="2"/>
      <line num="23" type="stmt" count="2"/>
      <line num="25" type="stmt" count="2"/>
      <line num="26" type="stmt" count="2"/>
      <line num="28" type="method" name="generate" visibility="public" complexity="2" crap="2" count="2"/>
      <line num="30" type="stmt" count="2"/>
      <line num="33" type="stmt" count="2"/>
      <line num="34" type="stmt" count="2"/>
      <line num="36" type="stmt" count="2"/>
      <line num="37" type="stmt" count="2"/>
      <line num="40" type="stmt" count="2"/>
      <line num="41" type="stmt" count="2"/>
      <line num="42" type="stmt" count="2"/>
      <line num="43" type="stmt" count="2"/>
      <line num="44" type="stmt" count="2"/>
      <line num="46" type="stmt" count="2"/>
      <line num="47" type="stmt" count="2"/>
      <line num="48" type="stmt" count="2"/>
      <line num="49" type="stmt" count="2"/>
      <line num="51" type="stmt" count="2"/>
      <line num="52" type="stmt" count="2"/>
      <line num="54" type="method" name="generateCreate" visibility="protected" complexity="1" crap="1" count="2"/>
      <line num="56" type="stmt" count="2"/>
      <line num="57" type="stmt" count="2"/>
      <line num="58" type="stmt" count="2"/>
      <line num="59" type="stmt" count="2"/>
      <line num="60" type="stmt" count="2"/>
      <line num="62" type="stmt" count="2"/>
      <line num="63" type="stmt" count="2"/>
      <line num="64" type="stmt" count="2"/>
      <line num="65" type="stmt" count="2"/>
      <line num="66" type="stmt" count="2"/>
      <line num="68" type="stmt" count="2"/>
      <line num="69" type="stmt" count="2"/>
      <line num="75" type="stmt" count="2"/>
      <line num="76" type="stmt" count="2"/>
      <line num="77" type="stmt" count="2"/>
      <line num="78" type="stmt" count="2"/>
      <line num="79" type="stmt" count="2"/>
      <line num="80" type="stmt" count="2"/>
      <line num="81" type="stmt" count="2"/>
      <metrics loc="83" ncloc="83" classes="1" methods="3" coveredmethods="3" conditionals="0" coveredconditionals="0" statements="38" coveredstatements="38" elements="41" coveredelements="41"/>
    </file>
    <file name="/Users/jason.benedetti/DoclerLabs/api-client-generator/src/Generator/ClientGenerator.php">
      <class name="DoclerLabs\ApiClientGenerator\Generator\ClientGenerator" namespace="global">
        <metrics complexity="9" methods="6" coveredmethods="6" conditionals="0" coveredconditionals="0" statements="142" coveredstatements="142" elements="148" coveredelements="148"/>
      </class>
      <line num="27" type="method" name="generate" visibility="public" complexity="2" crap="2" count="2"/>
      <line num="29" type="stmt" count="2"/>
      <line num="30" type="stmt" count="2"/>
      <line num="31" type="stmt" count="2"/>
      <line num="32" type="stmt" count="2"/>
      <line num="33" type="stmt" count="2"/>
      <line num="35" type="stmt" count="2"/>
      <line num="36" type="stmt" count="2"/>
      <line num="39" type="stmt" count="2"/>
      <line num="41" type="stmt" count="2"/>
      <line num="42" type="stmt" count="2"/>
      <line num="44" type="method" name="generateSendRequestMethod" visibility="protected" complexity="1" crap="1" count="2"/>
      <line num="46" type="stmt" count="2"/>
      <line num="47" type="stmt" count="2"/>
      <line num="48" type="stmt" count="2"/>
      <line num="49" type="stmt" count="2"/>
      <line num="50" type="stmt" count="2"/>
      <line num="52" type="stmt" count="2"/>
      <line num="53" type="stmt" count="2"/>
      <line num="54" type="stmt" count="2"/>
      <line num="55" type="stmt" count="2"/>
      <line num="56" type="stmt" count="2"/>
      <line num="58" type="stmt" count="2"/>
      <line num="59" type="stmt" count="2"/>
      <line num="62" type="stmt" count="2"/>
      <line num="63" type="stmt" count="2"/>
      <line num="64" type="stmt" count="2"/>
      <line num="65" type="stmt" count="2"/>
      <line num="68" type="stmt" count="2"/>
      <line num="69" type="stmt" count="2"/>
      <line num="70" type="stmt" count="2"/>
      <line num="71" type="stmt" count="2"/>
      <line num="72" type="stmt" count="2"/>
      <line num="73" type="stmt" count="2"/>
      <line num="74" type="stmt" count="2"/>
      <line num="75" type="stmt" count="2"/>
      <line num="78" type="method" name="generateAction" visibility="protected" complexity="3" crap="3" count="2"/>
      <line num="80" type="stmt" count="2"/>
      <line num="82" type="stmt" count="2"/>
      <line num="83" type="stmt" count="2"/>
      <line num="84" type="stmt" count="2"/>
      <line num="85" type="stmt" count="2"/>
      <line num="86" type="stmt" count="2"/>
      <line num="91" type="stmt" count="2"/>
      <line num="92" type="stmt" count="2"/>
      <line num="93" type="stmt" count="2"/>
      <line num="94" type="stmt" count="2"/>
      <line num="95" type="stmt" count="2"/>
      <line num="97" type="stmt" count="2"/>
      <line num="99" type="stmt" count="2"/>
      <line num="100" type="stmt" count="2"/>
      <line num="101" type="stmt" count="2"/>
      <line num="104" type="stmt" count="2"/>
      <line num="105" type="stmt" count="2"/>
      <line num="106" type="stmt" count="2"/>
      <line num="107" type="stmt" count="2"/>
      <line num="108" type="stmt" count="2"/>
      <line num="109" type="stmt" count="2"/>
      <line num="110" type="stmt" count="2"/>
      <line num="111" type="stmt" count="2"/>
      <line num="112" type="stmt" count="2"/>
      <line num="113" type="stmt" count="2"/>
      <line num="116" type="stmt" count="2"/>
      <line num="117" type="stmt" count="2"/>
      <line num="118" type="stmt" count="2"/>
      <line num="119" type="stmt" count="2"/>
      <line num="120" type="stmt" count="2"/>
      <line num="121" type="stmt" count="2"/>
      <line num="122" type="stmt" count="2"/>
      <line num="123" type="stmt" count="2"/>
      <line num="124" type="stmt" count="2"/>
      <line num="129" type="stmt" count="2"/>
      <line num="130" type="stmt" count="2"/>
      <line num="131" type="stmt" count="2"/>
      <line num="132" type="stmt" count="2"/>
      <line num="135" type="stmt" count="2"/>
      <line num="136" type="stmt" count="2"/>
      <line num="138" type="stmt" count="2"/>
      <line num="139" type="stmt" count="2"/>
      <line num="140" type="stmt" count="2"/>
      <line num="141" type="stmt" count="2"/>
      <line num="142" type="stmt" count="2"/>
      <line num="143" type="stmt" count="2"/>
      <line num="147" type="stmt" count="1"/>
      <line num="148" type="stmt" count="1"/>
      <line num="149" type="stmt" count="1"/>
      <line num="150" type="stmt" count="1"/>
      <line num="153" type="stmt" count="1"/>
      <line num="156" type="stmt" count="2"/>
      <line num="157" type="stmt" count="2"/>
      <line num="158" type="stmt" count="2"/>
      <line num="159" type="stmt" count="2"/>
      <line num="160" type="stmt" count="2"/>
      <line num="161" type="stmt" count="2"/>
      <line num="162" type="stmt" count="2"/>
      <line num="163" type="stmt" count="2"/>
      <line num="169" type="method" name="generateProperties" visibility="protected" complexity="1" crap="1" count="2"/>
      <line num="172" type="stmt" count="2"/>
      <line num="173" type="stmt" count="2"/>
      <line num="177" type="method" name="generateConstructor" visibility="protected" complexity="1" crap="1" count="2"/>
      <line num="180" type="stmt" count="2"/>
      <line num="181" type="stmt" count="2"/>
      <line num="182" type="stmt" count="2"/>
      <line num="183" type="stmt" count="2"/>
      <line num="184" type="stmt" count="2"/>
      <line num="185" type="stmt" count="2"/>
      <line num="187" type="stmt" count="2"/>
      <line num="188" type="stmt" count="2"/>
      <line num="189" type="stmt" count="2"/>
      <line num="190" type="stmt" count="2"/>
      <line num="191" type="stmt" count="2"/>
      <line num="192" type="stmt" count="2"/>
      <line num="193" type="stmt" count="2"/>
      <line num="194" type="stmt" count="2"/>
      <line num="196" type="stmt" count="2"/>
      <line num="197" type="stmt" count="2"/>
      <line num="198" type="stmt" count="2"/>
      <line num="200" type="stmt" count="2"/>
      <line num="201" type="stmt" count="2"/>
      <line num="202" type="stmt" count="2"/>
      <line num="205" type="stmt" count="2"/>
      <line num="206" type="stmt" count="2"/>
      <line num="207" type="stmt" count="2"/>
      <line num="208" type="stmt" count="2"/>
      <line num="209" type="stmt" count="2"/>
      <line num="210" type="stmt" count="2"/>
      <line num="211" type="stmt" count="2"/>
      <line num="214" type="method" name="generateHandleResponse" visibility="public" complexity="1" crap="1" count="2"/>
      <line num="216" type="stmt" count="2"/>
      <line num="217" type="stmt" count="2"/>
      <line num="218" type="stmt" count="2"/>
      <line num="219" type="stmt" count="2"/>
      <line num="220" type="stmt" count="2"/>
      <line num="222" type="stmt" count="2"/>
      <line num="223" type="stmt" count="2"/>
      <line num="224" type="stmt" count="2"/>
      <line num="225" type="stmt" count="2"/>
      <line num="226" type="stmt" count="2"/>
      <line num="227" type="stmt" count="2"/>
      <line num="229" type="stmt" count="2"/>
      <line num="230" type="stmt" count="2"/>
      <line num="234" type="stmt" count="2"/>
      <line num="235" type="stmt" count="2"/>
      <line num="236" type="stmt" count="2"/>
      <line num="237" type="stmt" count="2"/>
      <line num="238" type="stmt" count="2"/>
      <line num="239" type="stmt" count="2"/>
      <line num="240" type="stmt" count="2"/>
      <metrics loc="242" ncloc="239" classes="1" methods="6" coveredmethods="6" conditionals="0" coveredconditionals="0" statements="142" coveredstatements="142" elements="148" coveredelements="148"/>
    </file>
    <file name="/Users/jason.benedetti/DoclerLabs/api-client-generator/src/Generator/GeneratorAbstract.php">
      <class name="DoclerLabs\ApiClientGenerator\Generator\GeneratorAbstract" namespace="global">
        <metrics complexity="6" methods="5" coveredmethods="5" conditionals="0" coveredconditionals="0" statements="20" coveredstatements="20" elements="25" coveredelements="25"/>
      </class>
      <line num="18" type="method" name="__construct" visibility="public" complexity="1" crap="1" count="1"/>
      <line num="20" type="stmt" count="1"/>
      <line num="21" type="stmt" count="1"/>
      <line num="22" type="stmt" count="1"/>
      <line num="23" type="stmt" count="1"/>
      <line num="27" type="method" name="registerFile" visibility="protected" complexity="1" crap="1" count="1"/>
      <line num="33" type="stmt" count="1"/>
      <line num="34" type="stmt" count="1"/>
      <line num="35" type="stmt" count="1"/>
      <line num="36" type="stmt" count="1"/>
      <line num="37" type="stmt" count="1"/>
      <line num="38" type="stmt" count="1"/>
      <line num="42" type="stmt" count="1"/>
      <line num="43" type="stmt" count="1"/>
      <line num="45" type="method" name="addImport" visibility="protected" complexity="2" crap="2" count="1"/>
      <line num="47" type="stmt" count="1"/>
      <line num="48" type="stmt" count="1"/>
      <line num="49" type="stmt" count="1"/>
      <line num="52" type="stmt" count="1"/>
      <line num="54" type="stmt" count="1"/>
      <line num="57" type="method" name="getImports" visibility="protected" complexity="1" crap="1" count="1"/>
      <line num="59" type="stmt" count="1"/>
      <line num="62" type="method" name="resetImports" visibility="protected" complexity="1" crap="1" count="1"/>
      <line num="64" type="stmt" count="1"/>
      <line num="65" type="stmt" count="1"/>
      <metrics loc="66" ncloc="66" classes="1" methods="5" coveredmethods="5" conditionals="0" coveredconditionals="0" statements="20" coveredstatements="20" elements="25" coveredelements="25"/>
    </file>
    <file name="/Users/jason.benedetti/DoclerLabs/api-client-generator/src/Generator/Implementation/Container/PimpleContainer.php">
      <class name="DoclerLabs\ApiClientGenerator\Generator\Implementation\Container\PimpleContainer" namespace="global">
        <metrics complexity="7" methods="7" coveredmethods="7" conditionals="0" coveredconditionals="0" statements="30" coveredstatements="30" elements="37" coveredelements="37"/>
      </class>
      <line num="19" type="method" name="__construct" visibility="public" complexity="1" crap="1" count="1"/>
      <line num="21" type="stmt" count="1"/>
      <line num="22" type="stmt" count="1"/>
      <line num="23" type="stmt" count="1"/>
      <line num="25" type="method" name="generateInitContainerMethod" visibility="public" complexity="1" crap="1" count="1"/>
      <line num="27" type="stmt" count="1"/>
      <line num="29" type="stmt" count="1"/>
      <line num="30" type="stmt" count="1"/>
      <line num="31" type="stmt" count="1"/>
      <line num="32" type="stmt" count="1"/>
      <line num="35" type="stmt" count="1"/>
      <line num="36" type="stmt" count="1"/>
      <line num="37" type="stmt" count="1"/>
      <line num="38" type="stmt" count="1"/>
      <line num="41" type="stmt" count="1"/>
      <line num="42" type="stmt" count="1"/>
      <line num="43" type="stmt" count="1"/>
      <line num="44" type="stmt" count="1"/>
      <line num="47" type="stmt" count="1"/>
      <line num="48" type="stmt" count="1"/>
      <line num="49" type="stmt" count="1"/>
      <line num="50" type="stmt" count="1"/>
      <line num="53" type="stmt" count="1"/>
      <line num="55" type="stmt" count="1"/>
      <line num="56" type="stmt" count="1"/>
      <line num="57" type="stmt" count="1"/>
      <line num="60" type="method" name="getContainerInitImports" visibility="public" complexity="1" crap="1" count="1"/>
      <line num="63" type="stmt" count="1"/>
      <line num="68" type="method" name="getContainerRegisterImports" visibility="public" complexity="1" crap="1" count="1"/>
      <line num="71" type="stmt" count="1"/>
      <line num="75" type="method" name="getPackages" visibility="public" complexity="1" crap="1" count="1"/>
      <line num="78" type="stmt" count="1"/>
      <line num="82" type="method" name="registerClosure" visibility="public" complexity="1" crap="1" count="1"/>
      <line num="84" type="stmt" count="1"/>
      <line num="85" type="stmt" count="1"/>
      <line num="90" type="method" name="getClosure" visibility="public" complexity="1" crap="1" count="1"/>
      <line num="92" type="stmt" count="1"/>
      <metrics loc="94" ncloc="94" classes="1" methods="7" coveredmethods="7" conditionals="0" coveredconditionals="0" statements="30" coveredstatements="30" elements="37" coveredelements="37"/>
    </file>
    <file name="/Users/jason.benedetti/DoclerLabs/api-client-generator/src/Generator/Implementation/ContainerImplementationStrategy.php">
      <class name="DoclerLabs\ApiClientGenerator\Generator\Implementation\ContainerImplementationStrategy" namespace="global">
        <metrics complexity="8" methods="7" coveredmethods="6" conditionals="0" coveredconditionals="0" statements="13" coveredstatements="10" elements="20" coveredelements="16"/>
      </class>
      <line num="21" type="method" name="__construct" visibility="public" complexity="2" crap="2.31" count="1"/>
      <line num="23" type="stmt" count="1"/>
      <line num="24" type="stmt" count="0"/>
      <line num="26" type="stmt" count="0"/>
      <line num="27" type="stmt" count="0"/>
      <line num="30" type="stmt" count="1"/>
      <line num="32" type="stmt" count="1"/>
      <line num="33" type="stmt" count="1"/>
      <line num="35" type="method" name="generateInitContainerMethod" visibility="public" complexity="1" crap="1" count="1"/>
      <line num="37" type="stmt" count="1"/>
      <line num="40" type="method" name="registerClosure" visibility="public" complexity="1" crap="1" count="1"/>
      <line num="42" type="stmt" count="1"/>
      <line num="45" type="method" name="getClosure" visibility="public" complexity="1" crap="1" count="1"/>
      <line num="47" type="stmt" count="1"/>
      <line num="50" type="method" name="getPackages" visibility="public" complexity="1" crap="1" count="1"/>
      <line num="52" type="stmt" count="1"/>
      <line num="55" type="method" name="getContainerInitImports" visibility="public" complexity="1" crap="1" count="1"/>
      <line num="57" type="stmt" count="1"/>
      <line num="60" type="method" name="getContainerRegisterImports" visibility="public" complexity="1" crap="1" count="1"/>
      <line num="62" type="stmt" count="1"/>
      <metrics loc="64" ncloc="64" classes="1" methods="7" coveredmethods="6" conditionals="0" coveredconditionals="0" statements="13" coveredstatements="10" elements="20" coveredelements="16"/>
    </file>
    <file name="/Users/jason.benedetti/DoclerLabs/api-client-generator/src/Generator/Implementation/HttpMessage/GuzzleHttpMessage.php">
      <class name="DoclerLabs\ApiClientGenerator\Generator\Implementation\HttpMessage\GuzzleHttpMessage" namespace="global">
[...]
    </file>
    <file name="/Users/jason.benedetti/DoclerLabs/api-client-generator/src/Output/Meta/MetaFile.php">
      <class name="DoclerLabs\ApiClientGenerator\Output\Meta\MetaFile" namespace="global">
        <metrics complexity="3" methods="3" coveredmethods="3" conditionals="0" coveredconditionals="0" statements="5" coveredstatements="5" elements="8" coveredelements="8"/>
      </class>
      <line num="10" type="method" name="__construct" visibility="public" complexity="1" crap="1" count="1"/>
      <line num="12" type="stmt" count="1"/>
      <line num="13" type="stmt" count="1"/>
      <line num="14" type="stmt" count="1"/>
      <line num="16" type="method" name="getFilePath" visibility="public" complexity="1" crap="1" count="1"/>
      <line num="18" type="stmt" count="1"/>
      <line num="21" type="method" name="getContent" visibility="public" complexity="1" crap="1" count="1"/>
      <line num="23" type="stmt" count="1"/>
      <metrics loc="25" ncloc="25" classes="1" methods="3" coveredmethods="3" conditionals="0" coveredconditionals="0" statements="5" coveredstatements="5" elements="8" coveredelements="8"/>
    </file>
    <file name="/Users/jason.benedetti/DoclerLabs/api-client-generator/src/Output/Meta/MetaFileCollection.php">
      <class name="DoclerLabs\ApiClientGenerator\Output\Meta\MetaFileCollection" namespace="global">
        <metrics complexity="5" methods="4" coveredmethods="4" conditionals="0" coveredconditionals="0" statements="7" coveredstatements="7" elements="11" coveredelements="11"/>
      </class>
      <line num="14" type="method" name="add" visibility="public" complexity="1" crap="1" count="3"/>
      <line num="16" type="stmt" count="3"/>
      <line num="17" type="stmt" count="3"/>
      <line num="19" type="method" name="get" visibility="public" complexity="2" crap="2" count="2"/>
      <line num="21" type="stmt" count="2"/>
      <line num="22" type="stmt" count="1"/>
      <line num="25" type="stmt" count="1"/>
      <line num="28" type="method" name="getIterator" visibility="public" complexity="1" crap="1" count="2"/>
      <line num="30" type="stmt" count="2"/>
      <line num="33" type="method" name="count" visibility="public" complexity="1" crap="1" count="1"/>
      <line num="35" type="stmt" count="1"/>
      <metrics loc="37" ncloc="37" classes="1" methods="4" coveredmethods="4" conditionals="0" coveredconditionals="0" statements="7" coveredstatements="7" elements="11" coveredelements="11"/>
    </file>
    <file name="/Users/jason.benedetti/DoclerLabs/api-client-generator/src/Output/MetaFilePrinter.php">
      <class name="DoclerLabs\ApiClientGenerator\Output\MetaFilePrinter" namespace="global">
        <metrics complexity="2" methods="2" coveredmethods="2" conditionals="0" coveredconditionals="0" statements="4" coveredstatements="4" elements="6" coveredelements="6"/>
      </class>
      <line num="11" type="method" name="__construct" visibility="public" complexity="1" crap="1" count="2"/>
      <line num="13" type="stmt" count="2"/>
      <line num="14" type="stmt" count="2"/>
      <line num="16" type="method" name="print" visibility="public" complexity="1" crap="1" count="2"/>
      <line num="18" type="stmt" count="2"/>
      <line num="19" type="stmt" count="2"/>
      <metrics loc="20" ncloc="20" classes="1" methods="2" coveredmethods="2" conditionals="0" coveredconditionals="0" statements="4" coveredstatements="4" elements="6" coveredelements="6"/>
    </file>
    <file name="/Users/jason.benedetti/DoclerLabs/api-client-generator/src/Output/Php/PhpCodeStyleFixer.php">
      <class name="DoclerLabs\ApiClientGenerator\Output\Php\PhpCodeStyleFixer" namespace="global">
        <metrics complexity="4" methods="2" coveredmethods="1" conditionals="0" coveredconditionals="0" statements="17" coveredstatements="15" elements="19" coveredelements="16"/>
      </class>
      <line num="16" type="method" name="__construct" visibility="public" complexity="1" crap="1" count="1"/>
      <line num="18" type="stmt" count="1"/>
      <line num="19" type="stmt" count="1"/>
      <line num="20" type="stmt" count="1"/>
      <line num="22" type="method" name="fix" visibility="public" complexity="3" crap="3.03" count="1"/>
      <line num="24" type="stmt" count="1"/>
      <line num="25" type="stmt" count="1"/>
      <line num="26" type="stmt" count="1"/>
      <line num="27" type="stmt" count="1"/>
      <line num="29" type="stmt" count="1"/>
      <line num="30" type="stmt" count="1"/>
      <line num="32" type="stmt" count="1"/>
      <line num="37" type="stmt" count="1"/>
      <line num="38" type="stmt" count="1"/>
      <line num="39" type="stmt" count="1"/>
      <line num="40" type="stmt" count="0"/>
      <line num="43" type="stmt" count="1"/>
      <line num="44" type="stmt" count="0"/>
      <line num="46" type="stmt" count="1"/>
      <metrics loc="47" ncloc="47" classes="1" methods="2" coveredmethods="1" conditionals="0" coveredconditionals="0" statements="17" coveredstatements="15" elements="19" coveredelements="16"/>
    </file>
    <file name="/Users/jason.benedetti/DoclerLabs/api-client-generator/src/Output/Php/PhpFile.php">
      <class name="DoclerLabs\ApiClientGenerator\Output\Php\PhpFile" namespace="global">
        <metrics complexity="4" methods="4" coveredmethods="4" conditionals="0" coveredconditionals="0" statements="7" coveredstatements="7" elements="11" coveredelements="11"/>
      </class>
      <line num="11" type="method" name="__construct" visibility="public" complexity="1" crap="1" count="4"/>
      <line num="13" type="stmt" count="4"/>
      <line num="14" type="stmt" count="4"/>
      <line num="15" type="stmt" count="4"/>
      <line num="16" type="stmt" count="4"/>
      <line num="18" type="method" name="getFileName" visibility="public" complexity="1" crap="1" count="2"/>
      <line num="20" type="stmt" count="2"/>
      <line num="23" type="method" name="getFullyQualifiedClassName" visibility="public" complexity="1" crap="1" count="2"/>
      <line num="25" type="stmt" count="2"/>
      <line num="28" type="method" name="getNodes" visibility="public" complexity="1" crap="1" count="2"/>
      <line num="30" type="stmt" count="2"/>
      <metrics loc="32" ncloc="32" classes="1" methods="4" coveredmethods="4" conditionals="0" coveredconditionals="0" statements="7" coveredstatements="7" elements="11" coveredelements="11"/>
    </file>
    <file name="/Users/jason.benedetti/DoclerLabs/api-client-generator/src/Output/Php/PhpFileCollection.php">
      <class name="DoclerLabs\ApiClientGenerator\Output\Php\PhpFileCollection" namespace="global">
        <metrics complexity="5" methods="4" coveredmethods="4" conditionals="0" coveredconditionals="0" statements="7" coveredstatements="7" elements="11" coveredelements="11"/>
      </class>
      <line num="14" type="method" name="add" visibility="public" complexity="1" crap="1" count="3"/>
      <line num="16" type="stmt" count="3"/>
      <line num="17" type="stmt" count="3"/>
      <line num="19" type="method" name="get" visibility="public" complexity="2" crap="2" count="2"/>
      <line num="21" type="stmt" count="2"/>
      <line num="22" type="stmt" count="1"/>
      <line num="25" type="stmt" count="1"/>
      <line num="28" type="method" name="getIterator" visibility="public" complexity="1" crap="1" count="2"/>
      <line num="30" type="stmt" count="2"/>
      <line num="33" type="method" name="count" visibility="public" complexity="1" crap="1" count="1"/>
      <line num="35" type="stmt" count="1"/>
      <metrics loc="37" ncloc="37" classes="1" methods="4" coveredmethods="4" conditionals="0" coveredconditionals="0" statements="7" coveredstatements="7" elements="11" coveredelements="11"/>
    </file>
    <file name="/Users/jason.benedetti/DoclerLabs/api-client-generator/src/Output/PhpFilePrinter.php">
      <class name="DoclerLabs\ApiClientGenerator\Output\PhpFilePrinter" namespace="global">
        <metrics complexity="2" methods="2" coveredmethods="2" conditionals="0" coveredconditionals="0" statements="7" coveredstatements="7" elements="9" coveredelements="9"/>
      </class>
      <line num="15" type="method" name="__construct" visibility="public" complexity="1" crap="1" count="2"/>
      <line num="20" type="stmt" count="2"/>
      <line num="21" type="stmt" count="2"/>
      <line num="22" type="stmt" count="2"/>
      <line num="23" type="stmt" count="2"/>
      <line num="25" type="method" name="print" visibility="public" complexity="1" crap="1" count="2"/>
      <line num="27" type="stmt" count="2"/>
      <line num="28" type="stmt" count="2"/>
      <line num="29" type="stmt" count="2"/>
      <metrics loc="30" ncloc="30" classes="1" methods="2" coveredmethods="2" conditionals="0" coveredconditionals="0" statements="7" coveredstatements="7" elements="9" coveredelements="9"/>
    </file>
    <file name="/Users/jason.benedetti/DoclerLabs/api-client-generator/src/Output/StaticPhpFileCopier.php">
      <class name="DoclerLabs\ApiClientGenerator\Output\StaticPhpFileCopier" namespace="global">
        <metrics complexity="3" methods="2" coveredmethods="1" conditionals="0" coveredconditionals="0" statements="13" coveredstatements="12" elements="15" coveredelements="13"/>
      </class>
      <line num="17" type="method" name="__construct" visibility="public" complexity="1" crap="1" count="1"/>
      <line num="22" type="stmt" count="1"/>
      <line num="23" type="stmt" count="1"/>
      <line num="24" type="stmt" count="1"/>
      <line num="25" type="stmt" count="1"/>
      <line num="27" type="method" name="copy" visibility="public" complexity="2" crap="2.01" count="1"/>
      <line num="29" type="stmt" count="1"/>
      <line num="30" type="stmt" count="0"/>
      <line num="34" type="stmt" count="1"/>
      <line num="35" type="stmt" count="1"/>
      <line num="36" type="stmt" count="1"/>
      <line num="37" type="stmt" count="1"/>
      <line num="38" type="stmt" count="1"/>
      <line num="40" type="stmt" count="1"/>
      <line num="41" type="stmt" count="1"/>
      <metrics loc="42" ncloc="41" classes="1" methods="2" coveredmethods="1" conditionals="0" coveredconditionals="0" statements="13" coveredstatements="12" elements="15" coveredelements="13"/>
    </file>
    <file name="/Users/jason.benedetti/DoclerLabs/api-client-generator/src/Output/TextFilePrinter.php">
      <class name="DoclerLabs\ApiClientGenerator\Output\TextFilePrinter" namespace="global">
        <metrics complexity="2" methods="2" coveredmethods="2" conditionals="0" coveredconditionals="0" statements="5" coveredstatements="5" elements="7" coveredelements="7"/>
      </class>
      <line num="9" type="method" name="__construct" visibility="public" complexity="1" crap="1" count="1"/>
      <line num="11" type="stmt" count="1"/>
      <line num="12" type="stmt" count="1"/>
      <line num="14" type="method" name="print" visibility="public" complexity="1" crap="1" count="1"/>
      <line num="16" type="stmt" count="1"/>
      <line num="18" type="stmt" count="1"/>
      <line num="19" type="stmt" count="1"/>
      <metrics loc="20" ncloc="20" classes="1" methods="2" coveredmethods="2" conditionals="0" coveredconditionals="0" statements="5" coveredstatements="5" elements="7" coveredelements="7"/>
    </file>
    <file name="/Users/jason.benedetti/DoclerLabs/api-client-generator/src/Output/WarningFormatter.php">
      <class name="DoclerLabs\ApiClientGenerator\Output\WarningFormatter" namespace="global">
        <metrics complexity="2" methods="2" coveredmethods="1" conditionals="0" coveredconditionals="0" statements="4" coveredstatements="2" elements="6" coveredelements="3"/>
      </class>
      <line num="11" type="method" name="__construct" visibility="public" complexity="1" crap="1" count="1"/>
      <line num="13" type="stmt" count="1"/>
      <line num="14" type="stmt" count="1"/>
      <line num="16" type="method" name="__invoke" visibility="public" complexity="1" crap="2" count="0"/>
      <line num="18" type="stmt" count="0"/>
      <line num="20" type="stmt" count="0"/>
      <metrics loc="22" ncloc="22" classes="1" methods="2" coveredmethods="1" conditionals="0" coveredconditionals="0" statements="4" coveredstatements="2" elements="6" coveredelements="3"/>
    </file>
    <file name="/Users/jason.benedetti/DoclerLabs/api-client-generator/src/ServiceProvider.php">
      <class name="DoclerLabs\ApiClientGenerator\ServiceProvider" namespace="global">
        <metrics complexity="13" methods="1" coveredmethods="0" conditionals="0" coveredconditionals="0" statements="145" coveredstatements="142" elements="146" coveredelements="142"/>
      </class>
      <line num="57" type="method" name="register" visibility="public" complexity="13" crap="13" count="2"/>
      <line num="59" type="stmt" count="2"/>
      <line num="60" type="stmt" count="1"/>
      <line num="61" type="stmt" count="1"/>
      <line num="63" type="stmt" count="1"/>
      <line num="64" type="stmt" count="1"/>
      <line num="66" type="stmt" count="1"/>
      <line num="70" type="stmt" count="1"/>
      <line num="72" type="stmt" count="1"/>
      <line num="75" type="stmt" count="2"/>
      <line num="76" type="stmt" count="1"/>
      <line num="77" type="stmt" count="1"/>
      <line num="78" type="stmt" count="1"/>
      <line num="79" type="stmt" count="1"/>
      <line num="80" type="stmt" count="1"/>
      <line num="81" type="stmt" count="1"/>
      <line num="82" type="stmt" count="1"/>
      <line num="83" type="stmt" count="1"/>
      <line num="84" type="stmt" count="1"/>
      <line num="85" type="stmt" count="1"/>
      <line num="86" type="stmt" count="1"/>
      <line num="87" type="stmt" count="1"/>
      <line num="90" type="stmt" count="2"/>
      <line num="91" type="stmt" count="1"/>
      <line num="92" type="stmt" count="1"/>
      <line num="93" type="stmt" count="1"/>
      <line num="94" type="stmt" count="1"/>
      <line num="95" type="stmt" count="1"/>
      <line num="96" type="stmt" count="1"/>
      <line num="97" type="stmt" count="1"/>
      <line num="98" type="stmt" count="1"/>
      <line num="99" type="stmt" count="1"/>
      <line num="100" type="stmt" count="1"/>
      <line num="101" type="stmt" count="1"/>
      <line num="104" type="stmt" count="2"/>
      <line num="105" type="stmt" count="0"/>
      <line num="106" type="stmt" count="0"/>
      <line num="107" type="stmt" count="0"/>
      <line num="111" type="stmt" count="2"/>
      <line num="113" type="stmt" count="2"/>
      <line num="115" type="stmt" count="2"/>
      <line num="116" type="stmt" count="1"/>
      <line num="117" type="stmt" count="1"/>
      <line num="118" type="stmt" count="1"/>
      <line num="119" type="stmt" count="1"/>
      <line num="120" type="stmt" count="1"/>
      <line num="121" type="stmt" count="1"/>
      <line num="122" type="stmt" count="1"/>
      <line num="123" type="stmt" count="1"/>
      <line num="125" type="stmt" count="2"/>
      <line num="126" type="stmt" count="1"/>
      <line num="127" type="stmt" count="1"/>
      <line num="129" type="stmt" count="2"/>
      <line num="131" type="stmt" count="2"/>
      <line num="132" type="stmt" count="2"/>
      <line num="135" type="stmt" count="2"/>
      <line num="136" type="stmt" count="1"/>
      <line num="139" type="stmt" count="2"/>
      <line num="140" type="stmt" count="1"/>
      <line num="143" type="stmt" count="2"/>
      <line num="144" type="stmt" count="1"/>
      <line num="145" type="stmt" count="1"/>
      <line num="148" type="stmt" count="2"/>
      <line num="149" type="stmt" count="1"/>
      <line num="150" type="stmt" count="1"/>
      <line num="151" type="stmt" count="1"/>
      <line num="154" type="stmt" count="2"/>
      <line num="155" type="stmt" count="1"/>
      <line num="156" type="stmt" count="1"/>
      <line num="159" type="stmt" count="2"/>
      <line num="160" type="stmt" count="1"/>
      <line num="161" type="stmt" count="1"/>
      <line num="164" type="stmt" count="2"/>
      <line num="165" type="stmt" count="1"/>
      <line num="166" type="stmt" count="1"/>
      <line num="169" type="stmt" count="2"/>
      <line num="170" type="stmt" count="1"/>
      <line num="171" type="stmt" count="1"/>
      <line num="174" type="stmt" count="2"/>
      <line num="175" type="stmt" count="1"/>
      <line num="176" type="stmt" count="1"/>
      <line num="177" type="stmt" count="1"/>
      <line num="180" type="stmt" count="2"/>
      <line num="181" type="stmt" count="1"/>
      <line num="182" type="stmt" count="1"/>
      <line num="183" type="stmt" count="1"/>
      <line num="184" type="stmt" count="1"/>
      <line num="187" type="stmt" count="2"/>
      <line num="188" type="stmt" count="2"/>
      <line num="189" type="stmt" count="1"/>
      <line num="190" type="stmt" count="1"/>
      <line num="193" type="stmt" count="2"/>
      <line num="194" type="stmt" count="2"/>
      <line num="195" type="stmt" count="1"/>
      <line num="196" type="stmt" count="1"/>
      <line num="197" type="stmt" count="1"/>
      <line num="200" type="stmt" count="2"/>
      <line num="201" type="stmt" count="1"/>
      <line num="202" type="stmt" count="1"/>
      <line num="203" type="stmt" count="1"/>
      <line num="206" type="stmt" count="2"/>
      <line num="207" type="stmt" count="1"/>
      <line num="208" type="stmt" count="1"/>
      <line num="211" type="stmt" count="2"/>
      <line num="212" type="stmt" count="2"/>
      <line num="215" type="stmt" count="2"/>
      <line num="216" type="stmt" count="2"/>
      <line num="217" type="stmt" count="2"/>
      <line num="220" type="stmt" count="2"/>
      <line num="221" type="stmt" count="2"/>
      <line num="224" type="stmt" count="2"/>
      <line num="225" type="stmt" count="2"/>
      <line num="228" type="stmt" count="2"/>
      <line num="230" type="stmt" count="2"/>
      <line num="232" type="stmt" count="2"/>
      <line num="233" type="stmt" count="1"/>
      <line num="234" type="stmt" count="1"/>
      <line num="235" type="stmt" count="1"/>
      <line num="236" type="stmt" count="1"/>
      <line num="239" type="stmt" count="2"/>
      <line num="240" type="stmt" count="1"/>
      <line num="241" type="stmt" count="1"/>
      <line num="244" type="stmt" count="2"/>
      <line num="245" type="stmt" count="1"/>
      <line num="246" type="stmt" count="1"/>
      <line num="247" type="stmt" count="1"/>
      <line num="251" type="stmt" count="2"/>
      <line num="254" type="stmt" count="1"/>
      <line num="263" type="stmt" count="2"/>
      <line num="264" type="stmt" count="1"/>
      <line num="266" type="stmt" count="1"/>
      <line num="273" type="stmt" count="2"/>
      <line num="275" type="stmt" count="2"/>
      <line num="276" type="stmt" count="1"/>
      <line num="277" type="stmt" count="1"/>
      <line num="278" type="stmt" count="1"/>
      <line num="279" type="stmt" count="1"/>
      <line num="280" type="stmt" count="1"/>
      <line num="284" type="stmt" count="1"/>
      <line num="285" type="stmt" count="1"/>
      <line num="286" type="stmt" count="1"/>
      <line num="291" type="stmt" count="2"/>
      <line num="292" type="stmt" count="1"/>
      <line num="295" type="stmt" count="2"/>
      <line num="296" type="stmt" count="1"/>
      <line num="298" type="stmt" count="2"/>
      <metrics loc="299" ncloc="299" classes="1" methods="1" coveredmethods="0" conditionals="0" coveredconditionals="0" statements="145" coveredstatements="142" elements="146" coveredelements="142"/>
    </file>
    <metrics files="93" loc="7263" ncloc="7116" classes="85" methods="420" coveredmethods="336" conditionals="0" coveredconditionals="0" statements="2643" coveredstatements="2421" elements="3063" coveredelements="2757"/>
  </project>
</coverage>
